<?xml version="1.0" encoding="UTF-8"?>
<testsuites name="20190917_174318" timestamp="2019-09-17T17:43:18" time="27.176" tests="4" errors="1">
  <testsuite id="1" name="Makemytrip" package="Makemytrip" hostname="ATMECSINDT-076" timestamp="2019-09-17T17:43:19" time="23.739" tests="4" errors="1">
    <properties>
      <property name="Run From" value="ATMECSINDT-076" />
      <property name="Run OS" value="amd64 Windows 10 10.0" />
      <property name="Run User" value="Anne.Sivakumar" />
      <property name="Iteration" value="1 of 1" />
      <property name="Script" value="Makemytrip.xlsx" />
      <property name="Logs" value="C:\projects\Makemytrip\output\20190917_174318\logs\nexial-20190917_174318.log" />
      <property name="Data File" value="Makemytrip.data.xlsx" />
      <property name="DataSheet(s)" value="#default" />
      <property name="runtime args" value="-script C:\projects\Makemytrip\artifact\script\Makemytrip.xlsx" />
    </properties>
    <testcase id="Flight Booking" name="Flight Booking" classname="Scenario" timestamp="2019-09-17T17:43:21" time="21.921">
      <failure type="failure found in test activity" message="1 of 3 FAILED. Check C:\projects\Makemytrip\output\20190917_174318\Makemytrip.20190917_174319.001.xlsx for execution result, C:\projects\Makemytrip\output\20190917_174318\logs\nexial-20190917_174318.log for execution logs" />
      <system-out>Total : 3
Passed: 2
Failed: 1
Output: C:\projects\Makemytrip\output\20190917_174318\Makemytrip.20190917_174319.001.xlsx
Logs  : C:\projects\Makemytrip\output\20190917_174318\logs\nexial-20190917_174318.log</system-out>
    </testcase>
    <testcase id="close" name="close" classname="Scenario" timestamp="2019-09-17T17:43:33" time="9.741">
      <system-out>Total : 1
Passed: 1
Failed: 0
Output: C:\projects\Makemytrip\output\20190917_174318\Makemytrip.20190917_174319.001.xlsx
Logs  : C:\projects\Makemytrip\output\20190917_174318\logs\nexial-20190917_174318.log</system-out>
    </testcase>
  </testsuite>
</testsuites>
