<?xml version="1.0" encoding="UTF-8"?>
<testsuites name="20190917_183632" timestamp="2019-09-17T18:36:32" time="43.130" tests="13" errors="2">
  <testsuite id="1" name="Makemytrip" package="Makemytrip" hostname="ATMECSINDT-076" timestamp="2019-09-17T18:36:34" time="38.651" tests="13" errors="2">
    <properties>
      <property name="Run From" value="ATMECSINDT-076" />
      <property name="Run OS" value="amd64 Windows 10 10.0" />
      <property name="Run User" value="Anne.Sivakumar" />
      <property name="Iteration" value="1 of 1" />
      <property name="Script" value="Makemytrip.xlsx" />
      <property name="Logs" value="C:\projects\Makemytrip\output\20190917_183632\logs\nexial-20190917_183632.log" />
      <property name="Data File" value="Makemytrip.data.xlsx" />
      <property name="DataSheet(s)" value="#default" />
      <property name="runtime args" value="-script C:\projects\Makemytrip\artifact\script\Makemytrip.xlsx" />
    </properties>
    <testcase id="Flight Booking" name="Flight Booking" classname="Scenario" timestamp="2019-09-17T18:36:36" time="36.223">
      <failure type="failure found in test activity" message="2 of 13 FAILED. Check C:\projects\Makemytrip\output\20190917_183632\Makemytrip.20190917_183634.001.xlsx for execution result, C:\projects\Makemytrip\output\20190917_183632\logs\nexial-20190917_183632.log for execution logs" />
      <system-out>Total : 13
Passed: 11
Failed: 2
Output: C:\projects\Makemytrip\output\20190917_183632\Makemytrip.20190917_183634.001.xlsx
Logs  : C:\projects\Makemytrip\output\20190917_183632\logs\nexial-20190917_183632.log</system-out>
    </testcase>
  </testsuite>
</testsuites>
